[06:40:11] [ServerMain/INFO]: [bootstrap] Running Java 25 (OpenJDK 64-Bit Server VM 25.0.3+9-LTS; Eclipse Adoptium Temurin-25.0.3+9) on Linux 6.6.114.1-microsoft-standard-WSL2 (amd64)
[06:40:11] [ServerMain/INFO]: [bootstrap] Loading Purpur 1.21.11-2568-HEAD@f57bd86 (2026-04-04T22:25:54Z) for Minecraft 1.21.11
[06:40:11] [ServerMain/INFO]: [PluginInitializerManager] Initializing plugins...
[06:40:15] [ServerMain/INFO]: [PluginInitializerManager] Initialized 22 plugins
[06:40:15] [ServerMain/INFO]: [PluginInitializerManager] Paper plugins (2):
 - JEIRecipeBridge (1.0.0), RHSignItem (1.21_R10)
[06:40:15] [ServerMain/INFO]: [PluginInitializerManager] Bukkit plugins (20):
 - AdvancedBan (2.3.0), AuthMe (5.7.0-FORK-b53), Chunky (1.4.40), CoreProtect (23.2), CustomDeathMessages (2.0.3), GSit (3.5.1), HeadDrop (2.8.2), ImageFrame (2026.1.3.0), JoinMessage (1.0), LuckPerms (5.5.53), MyCommand (5.7.4), OpenInv (5.3.0), PatPatPlugin (1.2.5+0268419), PlaceholderAPI (2.12.2), RiseChat (3.4), SkinsRestorer (15.12.3), SuperVanish (6.3.0), TAB (6.1.0), Vault (1.7.3-b131), voicechat (2.6.19)
[06:40:20] [ServerMain/INFO]: Environment: Environment[sessionHost=https://sessionserver.mojang.com, servicesHost=https://api.minecraftservices.com, profilesHost=https://api.mojang.com, name=PROD]
[06:40:24] [ServerMain/INFO]: Loaded 1470 recipes
[06:40:24] [ServerMain/INFO]: Loaded 1584 advancements
[06:40:24] [ServerMain/INFO]: [ca.spottedleaf.dataconverter.minecraft.datatypes.MCTypeRegistry] Initialising converters for DataConverter...
[06:40:24] [ServerMain/INFO]: [ca.spottedleaf.dataconverter.minecraft.datatypes.MCTypeRegistry] Finished initialising converters for DataConverter in 394.1ms
[06:40:24] [Server thread/INFO]: Starting minecraft server version 1.21.11
[06:40:24] [Server thread/INFO]: Loading properties
[06:40:25] [Server thread/INFO]: This server is running Purpur version 1.21.11-2568-HEAD@f57bd86 (2026-04-04T22:25:54Z) (Implementing API version 1.21.11-R0.1-SNAPSHOT)
[06:40:25] [Server thread/INFO]: [spark] This server bundles the spark profiler. For more information please visit https://docs.papermc.io/paper/profiling
[06:40:25] [Server thread/INFO]: Server Ping Player Sample Count: 12
[06:40:25] [Server thread/INFO]: Using 4 threads for Netty based IO
[06:40:25] [Server thread/INFO]: [MoonriseCommon] Paper is using 3 worker threads, 1 I/O threads
[06:40:26] [Server thread/INFO]: Default game type: SURVIVAL
[06:40:26] [Server thread/INFO]: Generating keypair
[06:40:26] [Server thread/INFO]: Starting Minecraft server on *:25565
[06:40:26] [Server thread/INFO]: Paper: Using libdeflate (Linux x86_64) compression from Velocity.
[06:40:26] [Server thread/INFO]: Paper: Using OpenSSL 3.x.x (Linux x86_64) cipher from Velocity.
[06:40:26] [Server thread/INFO]: [SpigotLibraryLoader] [OpenInv] Loading 1 libraries... please wait
[06:40:26] [Server thread/INFO]: [SpigotLibraryLoader] [OpenInv] Loaded library /data/libraries/org/xerial/sqlite-jdbc/3.49.1.0/sqlite-jdbc-3.49.1.0.jar
[06:40:27] [Server thread/INFO]: [LuckPerms] Loading server plugin LuckPerms v5.5.53
[06:40:28] [Server thread/INFO]: [LuckPerms] Loading configuration...
[06:40:28] [Server thread/INFO]: [PlaceholderAPI] Loading server plugin PlaceholderAPI v2.12.2
[06:40:28] [Server thread/INFO]: [Vault] Loading server plugin Vault v1.7.3-b131
[06:40:28] [Server thread/INFO]: [OpenInv] Loading server plugin OpenInv v5.3.0
[06:40:28] [Server thread/INFO]: [voicechat] Loading server plugin voicechat v2.6.19
[06:40:28] [Server thread/INFO]: [TAB] Loading server plugin TAB v6.1.0
[06:40:28] [Server thread/INFO]: [SuperVanish] Loading server plugin SuperVanish v6.3.0
[06:40:28] [Server thread/INFO]: [SkinsRestorer] Loading server plugin SkinsRestorer v15.12.3
[06:40:28] [Server thread/INFO]: [RiseChat] Loading server plugin RiseChat v3.4
[06:40:28] [Server thread/INFO]: [RHSignItem] Loading server plugin RHSignItem v1.21_R10
[06:40:28] [Server thread/INFO]: [PatPatPlugin] Loading server plugin PatPatPlugin v1.2.5+0268419
[06:40:28] [Server thread/INFO]: [MyCommand] Loading server plugin MyCommand v5.7.4
[06:40:28] [Server thread/INFO]: [JoinMessage] Loading server plugin JoinMessage v1.0
[06:40:28] [Server thread/INFO]: [JEIRecipeBridge] Loading server plugin JEIRecipeBridge v1.0.0
[06:40:28] [Server thread/INFO]: [ImageFrame] Loading server plugin ImageFrame v2026.1.3.0
[06:40:28] [Server thread/INFO]: [HeadDrop] Loading server plugin HeadDrop v2.8.2
[06:40:28] [Server thread/INFO]: [GSit] Loading server plugin GSit v3.5.1
[06:40:29] [Server thread/INFO]: [CustomDeathMessages] Loading server plugin CustomDeathMessages v2.0.3
[06:40:29] [Server thread/INFO]: [CoreProtect] Loading server plugin CoreProtect v23.2
[06:40:29] [Server thread/INFO]: [Chunky] Loading server plugin Chunky v1.4.40
[06:40:29] [Server thread/INFO]: [AuthMe] Loading server plugin AuthMe v5.7.0-FORK-b53
[06:40:29] [Server thread/INFO]: [AdvancedBan] Loading server plugin AdvancedBan v2.3.0
[06:40:29] [Server thread/INFO]: Server permissions file permissions.yml is empty, ignoring it
[06:40:29] [Server thread/INFO]: [LuckPerms] Enabling LuckPerms v5.5.53
[06:40:29] [Server thread/INFO]:         __    
[06:40:29] [Server thread/INFO]:   |    |__)   LuckPerms v5.5.53
[06:40:29] [Server thread/INFO]:   |___ |      Running on Bukkit - Purpur
[06:40:29] [Server thread/INFO]: 
[06:40:29] [Server thread/INFO]: [LuckPerms] Loading storage provider... [H2]
[06:40:30] [Server thread/INFO]: [LuckPerms] Loading internal permission managers...
[06:40:30] [Server thread/INFO]: [LuckPerms] Performing initial data load...
[06:40:30] [Server thread/INFO]: [LuckPerms] Successfully enabled. (took 1740ms)
[06:40:30] [Server thread/INFO]: [Vault] Enabling Vault v1.7.3-b131
[06:40:30] [Server thread/INFO]: [Vault] [Permission] SuperPermissions loaded as backup permission system.
[06:40:30] [Server thread/INFO]: [Vault] Enabled Version 1.7.3-b131
[06:40:30] [Server thread/INFO]: [LuckPerms] Registered Vault permission & chat hook.
[06:40:30] [Server thread/INFO]: [SkinsRestorer] Enabling SkinsRestorer v15.12.3
[06:40:33] [Server thread/INFO]: [SkinsRestorer] Running on Minecraft 1.21.11.
[06:40:33] [Server thread/INFO]: [SkinsRestorer] Using paper join listener!
[06:40:33] [Server thread/INFO]: [PlaceholderAPI] Successfully registered internal expansion: skinsrestorer [15.12.3]
[06:40:33] [Server thread/INFO]: [SkinsRestorer] PlaceholderAPI expansion registered!
[06:40:34] [Server thread/WARN]: **** SERVER IS RUNNING IN OFFLINE/INSECURE MODE!
[06:40:34] [Server thread/WARN]: The server will make no attempt to authenticate usernames. Beware.
[06:40:34] [Server thread/WARN]: While this makes the game possible to play without internet access, it also opens up the ability for hackers to connect with any username they choose.
[06:40:34] [Server thread/WARN]: To change this, set "online-mode" to "true" in the server.properties file.
[06:40:34] [Server thread/INFO]: Preparing level "world"
[06:40:34] [Folia Async Scheduler Thread #1/INFO]: [SkinsRestorer] ----------------------------------------------
[06:40:34] [Folia Async Scheduler Thread #1/INFO]: [SkinsRestorer]     +===================+
[06:40:34] [Folia Async Scheduler Thread #1/INFO]: [SkinsRestorer]     |   SkinsRestorer   |
[06:40:34] [Folia Async Scheduler Thread #1/INFO]: [SkinsRestorer]     |-------------------|
[06:40:34] [Folia Async Scheduler Thread #1/INFO]: [SkinsRestorer]     |  Standalone Mode  |
[06:40:34] [Folia Async Scheduler Thread #1/INFO]: [SkinsRestorer]     +===================+
[06:40:34] [Folia Async Scheduler Thread #1/INFO]: [SkinsRestorer] ----------------------------------------------
[06:40:34] [Folia Async Scheduler Thread #1/INFO]: [SkinsRestorer]     Version: 15.12.3
[06:40:34] [Folia Async Scheduler Thread #1/INFO]: [SkinsRestorer]     Commit: 03cc9fd
[06:40:34] [Folia Async Scheduler Thread #1/INFO]: [SkinsRestorer]     This is the latest version!
[06:40:34] [Folia Async Scheduler Thread #1/INFO]: [SkinsRestorer] ----------------------------------------------
[06:40:34] [Folia Async Scheduler Thread #1/INFO]: [SkinsRestorer] Do you have issues? Read our troubleshooting guide: https://skinsrestorer.net/docs/troubleshooting
[06:40:34] [Folia Async Scheduler Thread #1/INFO]: [SkinsRestorer] Want to support SkinsRestorer or receive priority support? Become a supporter: https://skinsrestorer.net/pricing
[06:40:34] [Server thread/INFO]: Loading 0 persistent chunks for world 'minecraft:overworld'...
[06:40:34] [Server thread/INFO]: Preparing spawn area: 100%
[06:40:34] [Server thread/INFO]: Prepared spawn area in 1 ms
[06:40:34] [Server thread/INFO]: Loading 0 persistent chunks for world 'minecraft:the_nether'...
[06:40:34] [Server thread/INFO]: Prepared spawn area in 1 ms
[06:40:34] [Server thread/INFO]: Loading 0 persistent chunks for world 'minecraft:the_end'...
[06:40:34] [Server thread/INFO]: Prepared spawn area in 0 ms
[06:40:34] [Server thread/INFO]: Done preparing level "world" (0.958s)
[06:40:34] [Server thread/INFO]: [PlaceholderAPI] Enabling PlaceholderAPI v2.12.2
[06:40:35] [Server thread/INFO]: [PlaceholderAPI] Fetching available expansion information...
[06:40:35] [Server thread/INFO]: [OpenInv] Enabling OpenInv v5.3.0
[06:40:35] [Server thread/INFO]: [voicechat] Enabling voicechat v2.6.19
[06:40:35] [Server thread/INFO]: [voicechat] Initializing compatibility for version 1.21.11-R0.1
[06:40:35] [Server thread/INFO]: [voicechat] Compatibility version 20
[06:40:35] [Server thread/INFO]: [voicechat] Successfully initialized commodore command completion
[06:40:35] [Server thread/INFO]: [PlaceholderAPI] Successfully registered internal expansion: voicechat [2.6.19]
[06:40:35] [Server thread/INFO]: [voicechat] Successfully registered PlaceholderAPI expansion
[06:40:35] [Server thread/INFO]: [TAB] Enabling TAB v6.1.0
[06:40:35] [Server thread/INFO]: [TAB] Found NMS implementation: me.neznamy.tab.platforms.bukkit.paper_1_21_11.NMSImplementationProvider
[06:40:36] [Server thread/INFO]: [TAB] Enabled in 431ms
[06:40:36] [Server thread/INFO]: [SuperVanish] Enabling SuperVanish v6.3.0
[06:40:36] [Server thread/INFO]: [SuperVanish] Please install ProtocolLib to be able to use all SuperVanish features: https://www.spigotmc.org/resources/protocollib.1997/
[06:40:36] [Server thread/INFO]: [PlaceholderAPI] Successfully registered internal expansion: supervanish [6.3.0]
[06:40:36] [Server thread/INFO]: [SuperVanish] Hooked into PlaceholderAPI
[06:40:36] [Server thread/INFO]: [SuperVanish] Hooked into OpenInv
[06:40:36] [Server thread/INFO]: [RiseChat] Enabling RiseChat v3.4
[06:40:36] [Server thread/INFO]: [RiseChat] PlaceholderAPI найден, включена поддержка плейсхолдеров.
[06:40:36] [Server thread/INFO]: [RiseChat] LuckPerms найден, включена поддержка префиксов и суффиксов.
[06:40:36] [Server thread/INFO]: [RiseChat] RiseChat загружен с поддержкой RGB цветов (MiniMessage)!
[06:40:36] [Server thread/INFO]: [RHSignItem] Enabling RHSignItem v1.21_R10
[06:40:36] [Server thread/INFO]:  
[06:40:36] [Server thread/INFO]:    __          __ _              _____ _                 
[06:40:36] [Server thread/INFO]:   /__\  /\  /\/ _(_) __ _ _ __   \_   \ |_ ___ _ __ ___  
[06:40:36] [Server thread/INFO]:  / \// / /_/ /\ \| |/ _` | '_ \   / /\/ __/ _ \ '_ ` _ \ 
[06:40:36] [Server thread/INFO]: / _  \/ __  / _\ \ | (_| | | | /\/ /_ | | | __/ | | | | |
[06:40:36] [Server thread/INFO]: \/ \_/\/ /_/  \__/_|\__, |_| |_\____/  \__\___|_| |_| |_|
[06:40:36] [Server thread/INFO]:                     |___/                                
[06:40:36] [Server thread/INFO]:                                                 (1.21_R10)
[06:40:36] [Server thread/INFO]: «*» Adds a personal item signature ☄️ Customizable!
[06:40:36] [Server thread/INFO]: «*» Made with 💕 by X0R3
[06:40:36] [Server thread/INFO]:  
[06:40:36] [Server thread/INFO]: [PatPatPlugin] Enabling PatPatPlugin v1.2.5+0268419
[06:40:36] [Server thread/INFO]: [patpat-plugin] Plugin started
[06:40:36] [Server thread/INFO]: [MyCommand] Enabling MyCommand v5.7.4
[06:40:36] [Server thread/INFO]: *-=-=-=-=-=-=-=-=-* MyCommand v.5.7.4*-=-=-=-=-=-=-=-=-=-*
[06:40:36] [Server thread/INFO]: | Hooked on Vault 1.7.3-b131
[06:40:36] [Server thread/INFO]: | Command file(s) found : 2
[06:40:36] [Server thread/INFO]: | Config : Ready.
[06:40:36] [Server thread/INFO]: | ProtocolLib not found.
[06:40:36] [Server thread/INFO]: [PlaceholderAPI] Successfully registered internal expansion: mycommand [1.0.0]
[06:40:36] [Server thread/INFO]: | Placeholder_API : Hooked, Ok.
[06:40:37] [Server thread/INFO]: | Custom commands loaded : 2
[06:40:37] [Server thread/INFO]: | New update available : MyCommand v5.7.5
[06:40:37] [Server thread/INFO]: |          by emmerrei a.k.a. ivanfromitaly.           
[06:40:37] [Server thread/INFO]: *-=-=-=-=-=-=-=-=-=-*   Done!   *-=-=-=-=-=-=-=-=-=-=-*
[06:40:37] [Server thread/INFO]: [JoinMessage] Enabling JoinMessage v1.0
[06:40:37] [Server thread/INFO]: [JEIRecipeBridge] Enabling JEIRecipeBridge v1.0.0
[06:40:37] [Server thread/INFO]: [ImageFrame] Enabling ImageFrame v2026.1.3.0
[06:40:46] [Server thread/INFO]: [PlaceholderAPI] Successfully registered internal expansion: imageframe [1.0.0]
[06:40:46] [Server thread/INFO]: [ImageFrame] Registered ImageMapLoader imageframe:url_static
[06:40:46] [Server thread/INFO]: [ImageFrame] Registered ImageMapLoader imageframe:url_animated
[06:40:46] [Server thread/INFO]: [ImageFrame] Registered ImageMapLoader imageframe:url_static_overlay
[06:40:46] [Server thread/INFO]: [ImageFrame] Registered ImageMapLoader imageframe:non_updatable_static
[06:40:46] [Server thread/INFO]: [ImageFrame] Registered MediaLoader imageframe:gif_reader to ImageMapLoader imageframe:url_animated
[06:40:46] [Server thread/INFO]: [ImageFrame] Registered MediaLoader imageframe:imageio to ImageMapLoader imageframe:url_static
[06:40:46] [Server thread/INFO]: [ImageFrame] Registered MediaLoader imageframe:imageio to ImageMapLoader imageframe:url_static_overlay
[06:40:46] [Server thread/INFO]: [ImageFrame] ImageFrame has been Enabled!
[06:40:46] [Server thread/INFO]: [HeadDrop] Enabling HeadDrop v2.8.2
[06:40:46] [Server thread/INFO]: [HeadDrop] HeadDrop plugin has been enabled
[06:40:46] [Server thread/INFO]: [GSit] Enabling GSit v3.5.1
[06:40:46] [Server thread/INFO]: [PlaceholderAPI] Successfully registered internal expansion: gsit [3.5.1]
[06:40:46] [Server thread/INFO]: [GSit] Кушылма кушылды.
[06:40:46] [Server thread/INFO]: [GSit] PlaceholderAPI белән бәяләнде!
[06:40:46] [Server thread/INFO]: [CustomDeathMessages] Enabling CustomDeathMessages v2.0.3
[06:40:47] [Server thread/INFO]: [CoreProtect] Enabling CoreProtect v23.2
[06:40:47] [Server thread/INFO]: [CoreProtect] CoreProtect Community Edition был успешно запущен! 
[06:40:47] [Server thread/INFO]: [CoreProtect] Для хранения данных используется SQLite.
[06:40:47] [Server thread/INFO]: --------------------
[06:40:47] [Server thread/INFO]: [CoreProtect] Нравится CoreProtect? Присоединяйтесь к нашему Discord!
[06:40:47] [Server thread/INFO]: [CoreProtect] Discord: www.coreprotect.net/discord/
[06:40:47] [Server thread/INFO]: --------------------
[06:40:47] [Server thread/INFO]: [Chunky] Enabling Chunky v1.4.40
[06:40:47] [Server thread/INFO]: [AuthMe] Enabling AuthMe v5.7.0-FORK-b53
[06:40:47] [Server thread/INFO]: [AuthMe] You are running an unofficial fork version of AuthMe!
[06:40:48] [Server thread/INFO]: [AuthMe] Connection arguments loaded, Hikari ConnectionPool ready!
[06:40:48] [Server thread/ERROR]: [AuthMe] [Server thread] INFO fr.xephi.authme.libs.com.zaxxer.hikari.HikariDataSource - AuthMePostgreSQLPool - Starting...
[06:40:48] [Server thread/ERROR]: [AuthMe] [Server thread] INFO fr.xephi.authme.libs.com.zaxxer.hikari.HikariDataSource - AuthMePostgreSQLPool - Start completed.
[06:40:48] [Server thread/INFO]: [AuthMe] PostgreSQL setup finished
[06:40:48] [Server thread/INFO]: [AuthMe] Hooked into LuckPerms!
[06:40:48] [Server thread/INFO]: [AuthMe] Hooked successfully into PlaceholderAPI
[06:40:48] [Server thread/INFO]: [PlaceholderAPI] Successfully registered internal expansion: authme [5.7.0-FORK]
[06:40:48] [Server thread/WARN]: [AuthMe] WARNING! The protectInventory feature requires ProtocolLib! Disabling it...
[06:40:48] [Server thread/WARN]: [AuthMe] WARNING! The denyTabComplete feature requires ProtocolLib! Disabling it...
[06:40:48] [Server thread/WARN]: [AuthMe] "AuthMe v5.7.0-FORK-b53" has registered a listener for org.spigotmc.event.player.PlayerSpawnLocationEvent on method "public void fr.xephi.authme.listener.PlayerListener19Spigot.onPlayerSpawn(org.spigotmc.event.player.PlayerSpawnLocationEvent)", but the event is Deprecated. "Listening to this event causes the player to be created early. Using the player from this event will result in undefined behavior. Prefer AsyncPlayerSpawnLocationEvent."; please notify the authors [sgdc3, games647, Hex3l, krusic22].
[06:40:48] [Server thread/INFO]: [AuthMe] 
    ___         __  __    __  ___   
   /   | __  __/ /_/ /_  /  |/  /__ 
  / /| |/ / / / __/ __ \/ /|_/ / _ \
 / ___ / /_/ / /_/ / / / /  / /  __/
/_/  |_\__,_/\__/_/ /_/_/  /_/\___/ 
                                    
[06:40:48] [Server thread/INFO]: [AuthMe] AuthMeReReloaded is running on Paper
[06:40:48] [Server thread/INFO]: [AuthMe] AuthMeReReloaded is enabled successfully!
[06:40:48] [Server thread/INFO]: [AuthMe] GitHub: https://github.com/HaHaWTH/AuthMeReReloaded/
[06:40:48] [Server thread/INFO]: [AuthMe] Checking for updates...
[06:40:48] [Server thread/INFO]: [AdvancedBan] Enabling AdvancedBan v2.3.0
[06:40:49] [Server thread/INFO]: [me.leoko.advancedban.shaded.com.zaxxer.hikari.HikariDataSource] HikariPool-1 - Starting...
[06:40:51] [Server thread/INFO]: [me.leoko.advancedban.shaded.com.zaxxer.hikari.pool.PoolBase] HikariPool-1 - Driver does not support get/set network timeout for connections. (feature not supported)
[06:40:51] [Server thread/INFO]: [me.leoko.advancedban.shaded.com.zaxxer.hikari.HikariDataSource] HikariPool-1 - Start completed.
[06:41:12] [Server thread/INFO]: 
[06:41:12] [Server thread/INFO]:  
[06:41:12] [Server thread/INFO]: []=====[Enabling AdvancedBan]=====[]
[06:41:12] [Server thread/INFO]: | Information:
[06:41:12] [Server thread/INFO]: |   Name: AdvancedBan
[06:41:12] [Server thread/INFO]: |   Developer: Leoko
[06:41:12] [Server thread/INFO]: |   Version: 2.3.0
[06:41:12] [Server thread/INFO]: |   Storage: HSQLDB (local)
[06:41:12] [Server thread/INFO]: | Support:
[06:41:12] [Server thread/INFO]: |   Github: https://github.com/DevLeoko/AdvancedBan/issues
[06:41:12] [Server thread/INFO]: |   Discord: https://discord.gg/ycDG6rS
[06:41:12] [Server thread/INFO]: | Twitter: @LeokoGar
[06:41:12] [Server thread/INFO]: | Update:
[06:41:12] [Server thread/INFO]: |   Failed to check for updates :(
[06:41:12] [Server thread/INFO]: []================================[]
[06:41:12] [Server thread/INFO]:  
[06:41:12] [Server thread/INFO]: [spark] Starting background profiler...
[06:41:12] [Server thread/WARN]: Could not register alias aliases because it contains commands that do not exist: MemorySection[path='aliases.aliases', root='YamlConfiguration']
[06:41:12] [Server thread/INFO]: [PlaceholderAPI] Placeholder expansion registration initializing...
[06:41:12] [Server thread/INFO]: Starting remote control listener
[06:41:12] [Server thread/INFO]: Thread RCON Listener started
[06:41:12] [Server thread/INFO]: RCON running on 0.0.0.0:25575
[06:41:12] [Server thread/INFO]: Running delayed init tasks
[06:41:12] [Server thread/INFO]: Done (63.350s)! For help, type "help"
[06:41:12] [Craft Scheduler Thread - 8 - HeadDrop/INFO]: [HeadDrop] Preloading 4 player profiles...
[06:41:12] [Craft Scheduler Thread - 5 - Vault/INFO]: [Vault] Checking for Updates ... 
[06:41:12] [Server thread/INFO]: [voicechat] Loading plugins
[06:41:12] [Server thread/INFO]: [voicechat] Loaded 0 plugin(s)
[06:41:12] [Server thread/INFO]: [voicechat] Initializing plugins
[06:41:12] [Server thread/INFO]: [voicechat] Initialized 0 plugin(s)
[06:41:12] [Server thread/WARN]: [voicechat] Running in offline mode - Voice chat encryption is not secure!
[06:41:12] [VoiceChatServerThread/INFO]: [voicechat] Voice chat server started at port 24454
[06:41:12] [Server thread/INFO]: 0 placeholder hook(s) registered!
[06:41:12] [Craft Scheduler Thread - 7 - ImageFrame/INFO]: [ImageFrame] Data loading completed! Loaded 0 ImageMaps!
[06:41:13] [Craft Scheduler Thread - 5 - Vault/INFO]: [Vault] No new version available
[06:41:13] [Server thread/INFO]: [HeadDrop] ========================================
[06:41:13] [Server thread/INFO]: [HeadDrop] A new version of HeadDrop is available !
[06:41:13] [Server thread/INFO]: [HeadDrop] Current version : 2.8.2
[06:41:13] [Server thread/INFO]: [HeadDrop] Latest version : 3.0.1
[06:41:13] [Server thread/INFO]: [HeadDrop] Download : https://modrinth.com/plugin/mT6OgveE/version/tbWW3Jay
[06:41:13] [Server thread/INFO]: [HeadDrop] ========================================
[06:41:13] [Craft Scheduler Thread - 10 - AuthMe/INFO]: [AuthMe] You are running the latest version.
[06:41:15] [User Authenticator #0/INFO]: UUID of player MemorizeCode is 4d4543e7-dfc5-3eec-a5c7-bb597dbd1b3f
[06:41:15] [Server thread/INFO]: [HorriblePlayerLoginEventHack] You have plugins listening to the PlayerLoginEvent, this will cause re-configuration APIs to be unavailable: [LuckPerms, AuthMe, CustomDeathMessages, SuperVanish]
[06:41:16] [pool-34-thread-1/INFO]: [HeadDrop] Preloaded 4 profiles
[06:41:17] [Server thread/INFO]: MemorizeCode[/172.18.0.1:47230] logged in with entity id 1 at ([world]0.5, 105.0, 0.5)
[06:41:17] [Craft Scheduler Thread - 6 - AuthMe/INFO]: [AuthMe] MemorizeCode logged in 172.18.0.1
[06:41:18] [Server thread/INFO]: [+] MemorizeCode зашел(а) на сервер! 
[06:41:22] [Server thread/INFO]: [MyCommand] found an update for MyCommand. Type /mycommand for more infos.
[06:41:43] [Craft Scheduler Thread - 12 - ImageFrame/INFO]: [ImageFrame] Failed to check against "api.loohpjames.com" for the latest version.. It could be an internet issue or "api.loohpjames.com" is down. If you want disable the update checker, you can disable in config.yml, but we still highly-recommend you to keep your plugin up to date!
[06:42:13] [Server thread/INFO]: MemorizeCode issued server command: /risechat reload
[06:42:13] [Server thread/INFO]: [RiseChat] LuckPerms переподключен после перезагрузки.
[06:42:25] [Server thread/INFO]: MemorizeCode issued server command: /risechat reload
[06:42:25] [Server thread/INFO]: [RiseChat] LuckPerms переподключен после перезагрузки.
[06:42:53] [Server thread/INFO]: MemorizeCode issued server command: /risechat reload
[06:42:53] [Server thread/INFO]: [RiseChat] LuckPerms переподключен после перезагрузки.
[06:43:19] [Server thread/INFO]: MemorizeCode issued server command: /risechat reload
[06:43:19] [Server thread/INFO]: [RiseChat] LuckPerms переподключен после перезагрузки.
[06:43:24] [Server thread/INFO]: MemorizeCode issued server command: /time set day
[06:43:24] [Server thread/INFO]: [MemorizeCode: Set the time to 1000]
[06:43:28] [Server thread/INFO]: MemorizeCode issued server command: /msg MemorizeCode 1
[06:43:48] [Server thread/INFO]: MemorizeCode issued server command: /pat
[06:43:49] [Server thread/INFO]: MemorizeCode issued server command: /patpat
[06:44:13] [Server thread/INFO]: MemorizeCode issued server command: /help
[06:44:13] [Server thread/INFO]: MemorizeCode issued mycmd (my_help_menu) command /help
[06:44:23] [User Authenticator #1/INFO]: UUID of player fire1234 is c4516c05-9a6b-3825-bbf2-9e5337710d25
[06:44:23] [Server thread/INFO]: [⭐] fire1234 присоединился к серверу впервые! Добро пожаловать!
[06:44:23] [Server thread/INFO]: fire1234[/172.18.0.1:41394] logged in with entity id 1089 at ([world]0.5, 105.0, 0.5)
[06:44:30] [Server thread/INFO]: MemorizeCode issued server command: /tp fire1234
[06:44:30] [Server thread/INFO]: [MemorizeCode: Teleported MemorizeCode to fire1234]
[06:44:44] [Server thread/INFO]: [AuthMe] fire1234 registered 172.18.0.1
[06:44:44] [Craft Scheduler Thread - 7 - AuthMe/INFO]: [AuthMe] fire1234 logged in 172.18.0.1
[06:44:44] [Server thread/INFO]: Welcome fire1234 to the server!
[06:45:59] [Server thread/INFO]: MemorizeCode issued server command: /msg fire1234 1
[06:46:55] [Server thread/INFO]: MemorizeCode issued server command: /risechat reload
[06:46:55] [Server thread/INFO]: [RiseChat] LuckPerms переподключен после перезагрузки.
[06:46:55] [Server thread/INFO]: MemorizeCode issued server command: /msg fire1234 1
[06:47:53] [Server thread/INFO]: MemorizeCode issued server command: /risechat reload
[06:47:53] [Server thread/INFO]: [RiseChat] LuckPerms переподключен после перезагрузки.
[06:47:53] [Server thread/INFO]: MemorizeCode issued server command: /msg fire1234 1
[06:48:09] [Server thread/INFO]: MemorizeCode issued server command: /risechat reload
[06:48:09] [Server thread/INFO]: [RiseChat] LuckPerms переподключен после перезагрузки.
[06:48:10] [Server thread/INFO]: MemorizeCode issued server command: /msg fire1234 1
[06:48:36] [Server thread/INFO]: MemorizeCode issued server command: /risechat reload
[06:48:36] [Server thread/INFO]: [RiseChat] LuckPerms переподключен после перезагрузки.
[06:48:36] [Server thread/INFO]: MemorizeCode issued server command: /msg fire1234 1
[06:49:00] [Server thread/INFO]: MemorizeCode issued server command: /risechat reload
[06:49:00] [Server thread/INFO]: [RiseChat] LuckPerms переподключен после перезагрузки.
[06:49:01] [Server thread/INFO]: MemorizeCode issued server command: /msg fire1234 1
[06:49:09] [Server thread/INFO]: MemorizeCode issued server command: /risechat reload
[06:49:09] [Server thread/INFO]: [RiseChat] LuckPerms переподключен после перезагрузки.
[06:49:09] [Server thread/INFO]: MemorizeCode issued server command: /msg fire1234 1
[06:49:16] [Server thread/INFO]: MemorizeCode issued server command: /spy
[06:49:18] [Server thread/INFO]: MemorizeCode issued server command: /spy on
[06:49:19] [Server thread/INFO]: MemorizeCode issued server command: /msg fire1234 1
[06:49:23] [Server thread/INFO]: MemorizeCode issued server command: /spy off
[06:49:42] [Server thread/INFO]: fire1234 был убит игроком MemorizeCode
[06:49:42] [Server thread/INFO]: Environment: Environment[sessionHost=https://sessionserver.mojang.com, servicesHost=https://api.minecraftservices.com, profilesHost=https://api.mojang.com, name=PROD]
[06:49:59] [Server thread/INFO]: fire1234 был убит игроком MemorizeCode
[06:50:22] [Server thread/INFO]: fire1234 разозлил Железного голема
[06:50:27] [Server thread/INFO]: fire1234 разозлил Железного голема
[06:50:33] [Server thread/INFO]: fire1234 разозлил Железного голема
[06:50:37] [Server thread/INFO]: fire1234 разозлил Железного голема
[06:51:42] [Server thread/INFO]: MemorizeCode issued server command: /co lookup action: action:-block time: 30s radius: 15
[06:51:50] [Server thread/INFO]: MemorizeCode issued server command: /co rollback action: action:-block time: 30s radius: 15
[06:54:24] [Server thread/INFO]: fire1234 думал, что Зомби дружелюбный
[07:20:26] [Server thread/INFO]: fire1234 думал, что Зомби дружелюбный
[07:33:38] [Server thread/INFO]: MemorizeCode lost connection: Disconnected
[07:33:38] [Server thread/INFO]: [voicechat] Disconnecting client MemorizeCode
[07:33:38] [Server thread/INFO]: [-] MemorizeCode покинул(а) сервер!
[07:33:39] [Server thread/INFO]: fire1234 lost connection: Disconnected
[07:33:39] [Server thread/INFO]: [voicechat] Disconnecting client fire1234
[07:33:39] [Server thread/INFO]: [-] fire1234 покинул(а) сервер!
[08:01:32] [Craft Scheduler Thread - 4 - SuperVanish/WARN]: [SuperVanish] Failed to check for an update: Connect timed out
